<?xml version="1.0" encoding="UTF-8"?>
<!-- Generated by org.testng.reporters.JUnitReportReporter -->
<testsuite hostname="DESKTOP-H7F0JOM" failures="0" tests="1" name="lv493taqc.opencard.OpenCardTest" time="15.454" errors="0" timestamp="2022-05-12T15:40:57 EEST" skipped="0">
  <testcase classname="lv493taqc.opencard.OpenCardTest" name="unsuccessfulLogi" time="15.454"/>
  <system-out/>
</testsuite> <!-- lv493taqc.opencard.OpenCardTest -->
