<?xml version="1.0" encoding="UTF-8"?>
<!-- Generated by org.testng.reporters.JUnitReportReporter -->
<testsuite hostname="DESKTOP-H7F0JOM" failures="0" tests="1" name="lv493taqc.opencard.OpenCardTestXPath" time="11.273" errors="0" timestamp="2023-06-18T08:25:36 EEST" skipped="0">
  <testcase classname="lv493taqc.opencard.OpenCardTestXPath" name="f1" time="11.273"/>
  <system-out/>
</testsuite> <!-- lv493taqc.opencard.OpenCardTestXPath -->
