<?xml version="1.0" encoding="UTF-8"?>
<!-- Generated by org.testng.reporters.JUnitReportReporter -->
<testsuite hostname="DESKTOP-H7F0JOM" failures="0" tests="1" name="lv493taqc.opencard.OpenCardTest" time="29.054" errors="0" timestamp="2023-06-17T08:34:29 EEST" skipped="0">
  <testcase classname="lv493taqc.opencard.OpenCardTest" name="unsuccessfulLoginCredentials" time="29.054"/>
  <system-out/>
</testsuite> <!-- lv493taqc.opencard.OpenCardTest -->
