<?xml version="1.0" encoding="UTF-8"?>
<!-- Generated by org.testng.reporters.JUnitReportReporter -->
<testsuite hostname="DESKTOP-H7F0JOM" failures="0" tests="1" name="lv493taqc.opencard.OpenCardTestUpdated" time="5.183" errors="0" timestamp="2022-05-13T21:09:48 EEST" skipped="0">
  <testcase classname="lv493taqc.opencard.OpenCardTestUpdated" name="f1" time="5.183"/>
  <system-out/>
</testsuite> <!-- lv493taqc.opencard.OpenCardTestUpdated -->
