<?xml version="1.0" encoding="UTF-8"?>
<!-- Generated by org.testng.reporters.JUnitReportReporter -->
<testsuite hostname="DESKTOP-H7F0JOM" failures="0" tests="1" name="lv493taqc.opencard.OpenCardTest" time="29.177" errors="0" timestamp="2023-09-22T15:51:14 EEST" skipped="0">
  <testcase classname="lv493taqc.opencard.OpenCardTest" name="unsuccessfulLoginEmail" time="29.177"/>
  <system-out/>
</testsuite> <!-- lv493taqc.opencard.OpenCardTest -->
