<?xml version="1.0" encoding="UTF-8"?>
<!-- Generated by org.testng.reporters.JUnitReportReporter -->
<testsuite hostname="DESKTOP-H7F0JOM" failures="0" tests="1" name="lv493taqc.opencard.OpenCardTestXPath" time="11.433" errors="0" timestamp="2022-05-14T19:58:22 EEST" skipped="0">
  <testcase classname="lv493taqc.opencard.OpenCardTestXPath" name="f1" time="11.433"/>
  <system-out/>
</testsuite> <!-- lv493taqc.opencard.OpenCardTestXPath -->
