<?xml version="1.0" encoding="UTF-8"?>
<!-- Generated by org.testng.reporters.JUnitReportReporter -->
<testsuite hostname="DESKTOP-H7F0JOM" failures="0" tests="1" name="lv493taqc.opencard.OpenCardTestXPath" time="16.150" errors="0" timestamp="2023-09-22T15:46:57 EEST" skipped="0">
  <testcase classname="lv493taqc.opencard.OpenCardTestXPath" name="f1" time="16.150"/>
  <system-out/>
</testsuite> <!-- lv493taqc.opencard.OpenCardTestXPath -->
