<?xml version="1.0" encoding="UTF-8"?>
<!-- Generated by org.testng.reporters.JUnitReportReporter -->
<testsuite hostname="DESKTOP-H7F0JOM" failures="0" tests="1" name="lv493taqc.opencard.OpenCardTestUpdated" time="9.285" errors="0" timestamp="2022-05-14T11:24:59 EEST" skipped="0">
  <testcase classname="lv493taqc.opencard.OpenCardTestUpdated" name="f1" time="9.285"/>
  <system-out/>
</testsuite> <!-- lv493taqc.opencard.OpenCardTestUpdated -->
